ripbull-chat-sdk/build/intermediates/manifest_merge_blame_file/devDebug/manifest-merger-blame-dev-debug-report.txt
1<?xml version="1.0" encoding="utf-8"?>
2<manifest xmlns:android="http://schemas.android.com/apk/res/android"
3    package="com.ripbull.coresdk"
4    android:versionCode="1"
5    android:versionName="1.0-dev" >
6
7    <uses-sdk
8        android:minSdkVersion="21"
8-->src/main/AndroidManifest.xml
9        android:targetSdkVersion="31" />
9-->src/main/AndroidManifest.xml
10
11    <uses-permission android:name="android.permission.ACCESS_NETWORK_STATE" />
11-->src/main/AndroidManifest.xml:4:3-77
11-->src/main/AndroidManifest.xml:4:20-74
12    <uses-permission android:name="android.permission.WAKE_LOCK" />
12-->src/main/AndroidManifest.xml:5:3-65
12-->src/main/AndroidManifest.xml:5:20-63
13    <uses-permission android:name="android.permission.FOREGROUND_SERVICE" />
13-->src/main/AndroidManifest.xml:6:3-75
13-->src/main/AndroidManifest.xml:6:20-72
14
15    <application>
15-->src/main/AndroidManifest.xml:8:3-18:17
16        <service
16-->src/main/AndroidManifest.xml:9:5-12:68
17            android:name="com.ripbull.coresdk.offline.OfflineMessageService"
17-->src/main/AndroidManifest.xml:10:9-54
18            android:exported="false"
18-->src/main/AndroidManifest.xml:11:9-33
19            android:permission="android.permission.BIND_JOB_SERVICE" />
19-->src/main/AndroidManifest.xml:12:9-65
20
21        <receiver
21-->src/main/AndroidManifest.xml:14:5-17:16
22            android:name="com.ripbull.coresdk.fcm.NotificationBroadcastReceiver"
22-->src/main/AndroidManifest.xml:15:9-58
23            android:exported="false" >
23-->src/main/AndroidManifest.xml:16:9-33
24        </receiver>
25    </application>
26
27</manifest>